2025-12-19T19:41:04.672Z - Scraping reviews for: https://www.amazon.in/Mathematics-Standard-Literature-Year-wise-2013-2024/dp/9362252031/ref=sr_1_15?dib=eyJ2IjoiMSJ9.TBhOgHjy9ekNMnp2TXAIc-Q_zJmDVCSZDCiTqzm3VQfKT2zPfVJGQg-eKaboHhhQp1LjYaE4aXglhO-ApAPMFebHm0HOjtVVlt2ajc1x43BsI010votTIhNcyPNekxQMgRjuxFwH_h7cxGjnAWD3BBNEWMRbhgP8IZwnXEaLB3LgmQ9cEINZuLJNscPUStpgp_C63TK8RtKfzWIyFtUOoESrGta0Hu_qEYQcqLNOGeE.0xNqYeBOG7x6SdDANpwfXiAgJUHmnpnfHPxYdj-1a7g&dib_tag=se&keywords=class+10th+book&qid=1766172203&sr=8-15
2025-12-19T19:41:05.258Z - Navigating...
2025-12-19T19:41:13.605Z - Found 8 reviews.
2025-12-19T19:43:08.223Z - Scraping reviews for: https://www.amazon.in/dp/B0CHX1W63D
2025-12-19T19:43:08.656Z - Navigating...
2025-12-19T19:43:12.490Z - Found 0 reviews.
2025-12-19T19:44:09.153Z - Scraping reviews for: https://www.amazon.in/Solutions-Mathematics-Chapterwise-including-Questions/dp/9368406804/ref=sr_1_13?dib=eyJ2IjoiMSJ9.TBhOgHjy9ekNMnp2TXAIc-Q_zJmDVCSZDCiTqzm3VQfKT2zPfVJGQg-eKaboHhhQp1LjYaE4aXglhO-ApAPMFebHm0HOjtVVlt2ajc1x43BsI010votTIhNcyPNekxQMgRjuxFwH_h7cxGjnAWD3BBNEWMRbhgP8IZwnXEaLB3LgmQ9cEINZuLJNscPUStpgp_C63TK8RtKfzWIyFtUOoESrGta0Hu_qEYQcqLNOGeE.0xNqYeBOG7x6SdDANpwfXiAgJUHmnpnfHPxYdj-1a7g&dib_tag=se&keywords=class+10th+book&qid=1766172203&sr=8-13
2025-12-19T19:44:09.581Z - Navigating...
2025-12-19T19:44:16.734Z - Found 5 reviews.
2025-12-19T19:45:17.963Z - Scraping reviews for: https://www.amazon.in/NCERT-CLASS-ENGLISH-MEDIUM-ADDITION/dp/B08BG2LVK4/ref=sr_1_7?dib=eyJ2IjoiMSJ9.TBhOgHjy9ekNMnp2TXAIc-Q_zJmDVCSZDCiTqzm3VQfKT2zPfVJGQg-eKaboHhhQp1LjYaE4aXglhO-ApAPMFebHm0HOjtVVlt2ajc1x43BsI010votTIhNcyPNekxQMgRjuxFwH_h7cxGjnAWD3BBNEWMRbhgP8IZwnXEaLB3LgmQ9cEINZuLJNscPUStpgp_C63TK8RtKfzWIyFtUOoESrGta0Hu_qEYQcqLNOGeE.0xNqYeBOG7x6SdDANpwfXiAgJUHmnpnfHPxYdj-1a7g&dib_tag=se&keywords=class+10th+book&qid=1766172203&sr=8-7
2025-12-19T19:45:18.381Z - Navigating...
2025-12-19T19:45:24.998Z - Found 6 reviews.
2025-12-19T19:48:09.743Z - Scraping reviews for: https://www.amazon.in/NCERT-CLASS-ENGLISH-MEDIUM-ADDITION/dp/B08BG2LVK4/ref=sr_1_7?dib=eyJ2IjoiMSJ9.TBhOgHjy9ekNMnp2TXAIc-Q_zJmDVCSZDCiTqzm3VQfKT2zPfVJGQg-eKaboHhhQp1LjYaE4aXglhO-ApAPMFebHm0HOjtVVlt2ajc1x43BsI010votTIhNcyPNekxQMgRjuxFwH_h7cxGjnAWD3BBNEWMRbhgP8IZwnXEaLB3LgmQ9cEINZuLJNscPUStpgp_C63TK8RtKfzWIyFtUOoESrGta0Hu_qEYQcqLNOGeE.0xNqYeBOG7x6SdDANpwfXiAgJUHmnpnfHPxYdj-1a7g&dib_tag=se&keywords=class+10th+book&qid=1766172203&sr=8-7
2025-12-19T19:48:10.227Z - Navigating...
2025-12-19T19:48:16.041Z - Found 6 reviews.
2025-12-19T19:52:24.670Z - Scraping reviews for: https://www.amazon.in/NCERT-CLASS-ENGLISH-MEDIUM-ADDITION/dp/B08BG2LVK4/ref=sr_1_7?dib=eyJ2IjoiMSJ9.TBhOgHjy9ekNMnp2TXAIc-Q_zJmDVCSZDCiTqzm3VQfKT2zPfVJGQg-eKaboHhhQp1LjYaE4aXglhO-ApAPMFebHm0HOjtVVlt2ajc1x43BsI010votTIhNcyPNekxQMgRjuxFwH_h7cxGjnAWD3BBNEWMRbhgP8IZwnXEaLB3LgmQ9cEINZuLJNscPUStpgp_C63TK8RtKfzWIyFtUOoESrGta0Hu_qEYQcqLNOGeE.0xNqYeBOG7x6SdDANpwfXiAgJUHmnpnfHPxYdj-1a7g&dib_tag=se&keywords=class+10th+book&qid=1766172203&sr=8-7
2025-12-19T19:52:26.033Z - Navigating...
2025-12-19T19:52:33.759Z - Found 6 reviews.
2025-12-19T19:52:34.882Z - Scraping reviews for: https://www.amazon.in/NCERT-CLASS-ENGLISH-MEDIUM-ADDITION/dp/B08BG2LVK4/ref=sr_1_7?dib=eyJ2IjoiMSJ9.TBhOgHjy9ekNMnp2TXAIc-Q_zJmDVCSZDCiTqzm3VQfKT2zPfVJGQg-eKaboHhhQp1LjYaE4aXglhO-ApAPMFebHm0HOjtVVlt2ajc1x43BsI010votTIhNcyPNekxQMgRjuxFwH_h7cxGjnAWD3BBNEWMRbhgP8IZwnXEaLB3LgmQ9cEINZuLJNscPUStpgp_C63TK8RtKfzWIyFtUOoESrGta0Hu_qEYQcqLNOGeE.0xNqYeBOG7x6SdDANpwfXiAgJUHmnpnfHPxYdj-1a7g&dib_tag=se&keywords=class+10th+book&qid=1766172203&sr=8-7
2025-12-19T19:52:35.292Z - Navigating...
2025-12-19T19:52:45.134Z - Found 6 reviews.
2025-12-19T19:55:18.980Z - Scraping reviews for: https://www.amazon.in/dp/B0CHX1W63D
2025-12-19T19:55:19.427Z - Navigating...
2025-12-19T19:55:23.195Z - Found 0 reviews.
2025-12-19T19:57:10.191Z - Scraping reviews for: https://www.amazon.in/NCERT-TEXTBOOK-SCIENCE-CLASS-1064/dp/B0B775TCG3/ref=sr_1_6?dib=eyJ2IjoiMSJ9.TBhOgHjy9ekNMnp2TXAIc-Q_zJmDVCSZDCiTqzm3VQfKT2zPfVJGQg-eKaboHhhQp1LjYaE4aXglhO-ApAPMFebHm0HOjtVVlt2ajc1x43BsI010votTIhNcyPNekxQMgRjuxFwH_h7cxGjnAWD3BBNEWMRbhgP8IZwnXEaLB3LgmQ9cEINZuLJNscPUStpgp_C63TK8RtKfzWIyFtUOoESrGta0Hu_qEYQcqLNOGeE.0xNqYeBOG7x6SdDANpwfXiAgJUHmnpnfHPxYdj-1a7g&dib_tag=se&keywords=class+10th+book&qid=1766172203&sr=8-6
2025-12-19T19:57:11.011Z - Navigating...
2025-12-19T19:57:17.876Z - Found 7 reviews.
2025-12-19T20:09:18.099Z - Scraping reviews for: https://www.amazon.in/dp/B0CHX1W63D
2025-12-19T20:09:18.520Z - Navigating...
2025-12-19T20:09:22.791Z - Found 0 reviews.
